C:\Users\admin\Desktop\study\Subdivision_project\ex1 MiniDraw - 副本\ex2_1\Debug\cl.command.1.tlog
C:\Users\admin\Desktop\study\Subdivision_project\ex1 MiniDraw - 副本\ex2_1\Debug\CL.read.1.tlog
C:\Users\admin\Desktop\study\Subdivision_project\ex1 MiniDraw - 副本\ex2_1\Debug\CL.write.1.tlog
C:\Users\admin\Desktop\study\Subdivision_project\ex1 MiniDraw - 副本\ex2_1\Debug\custombuild.command.1.tlog
C:\Users\admin\Desktop\study\Subdivision_project\ex1 MiniDraw - 副本\ex2_1\Debug\custombuild.read.1.tlog
C:\Users\admin\Desktop\study\Subdivision_project\ex1 MiniDraw - 副本\ex2_1\Debug\custombuild.write.1.tlog
C:\Users\admin\Desktop\study\Subdivision_project\ex1 MiniDraw - 副本\ex2_1\Debug\ex2_1.exe.intermediate.manifest
C:\Users\admin\Desktop\study\Subdivision_project\ex1 MiniDraw - 副本\ex2_1\Debug\ex2_1.vcxprojResolveAssemblyReference.cache
C:\Users\admin\Desktop\study\Subdivision_project\ex1 MiniDraw - 副本\ex2_1\Debug\ex2_1.write.1.tlog
C:\Users\admin\Desktop\study\Subdivision_project\ex1 MiniDraw - 副本\ex2_1\Debug\figures.obj
C:\Users\admin\Desktop\study\Subdivision_project\ex1 MiniDraw - 副本\ex2_1\Debug\link.command.1.tlog
C:\Users\admin\Desktop\study\Subdivision_project\ex1 MiniDraw - 副本\ex2_1\Debug\link.read.1.tlog
C:\Users\admin\Desktop\study\Subdivision_project\ex1 MiniDraw - 副本\ex2_1\Debug\link.write.1.tlog
C:\Users\admin\Desktop\study\Subdivision_project\ex1 MiniDraw - 副本\ex2_1\Debug\main.obj
C:\Users\admin\Desktop\study\Subdivision_project\ex1 MiniDraw - 副本\ex2_1\Debug\MiniDraw.exe.intermediate.manifest
C:\Users\admin\Desktop\study\Subdivision_project\ex1 MiniDraw - 副本\ex2_1\Debug\minidraw.obj
C:\Users\admin\Desktop\study\Subdivision_project\ex1 MiniDraw - 副本\ex2_1\Debug\MiniDraw.write.1.tlog
C:\Users\admin\Desktop\study\Subdivision_project\ex1 MiniDraw - 副本\ex2_1\Debug\moc_minidraw.obj
C:\Users\admin\Desktop\study\Subdivision_project\ex1 MiniDraw - 副本\ex2_1\Debug\moc_viewwidget.obj
C:\Users\admin\Desktop\study\Subdivision_project\ex1 MiniDraw - 副本\ex2_1\Debug\mt.command.1.tlog
C:\Users\admin\Desktop\study\Subdivision_project\ex1 MiniDraw - 副本\ex2_1\Debug\mt.read.1.tlog
C:\Users\admin\Desktop\study\Subdivision_project\ex1 MiniDraw - 副本\ex2_1\Debug\mt.write.1.tlog
C:\Users\admin\Desktop\study\Subdivision_project\ex1 MiniDraw - 副本\ex2_1\Debug\qrc_minidraw.obj
C:\Users\admin\Desktop\study\Subdivision_project\ex1 MiniDraw - 副本\ex2_1\Debug\vc100.pdb
C:\Users\admin\Desktop\study\Subdivision_project\ex1 MiniDraw - 副本\ex2_1\Debug\viewwidget.obj
C:\Users\admin\Desktop\study\Subdivision_project\ex1 MiniDraw - 副本\Win32\Debug\MiniDraw.exe
C:\Users\admin\Desktop\study\Subdivision_project\ex1 MiniDraw - 副本\Win32\Debug\MiniDraw.ilk
C:\Users\admin\Desktop\study\Subdivision_project\ex1 MiniDraw - 副本\Win32\Debug\MiniDraw.pdb
E:\计算机\计算机图形学（C++）\编程练习\EX1 MINIDRAW\EX2_1\DEBUG\FIGURES.OBJ
E:\计算机\计算机图形学（C++）\编程练习\EX1 MINIDRAW\EX2_1\DEBUG\MAIN.OBJ
E:\计算机\计算机图形学（C++）\编程练习\EX1 MINIDRAW\EX2_1\DEBUG\MINIDRAW.EXE.INTERMEDIATE.MANIFEST
E:\计算机\计算机图形学（C++）\编程练习\EX1 MINIDRAW\EX2_1\DEBUG\MINIDRAW.OBJ
E:\计算机\计算机图形学（C++）\编程练习\EX1 MINIDRAW\EX2_1\DEBUG\MOC_MINIDRAW.OBJ
E:\计算机\计算机图形学（C++）\编程练习\EX1 MINIDRAW\EX2_1\DEBUG\MOC_VIEWWIDGET.OBJ
E:\计算机\计算机图形学（C++）\编程练习\EX1 MINIDRAW\EX2_1\DEBUG\QRC_MINIDRAW.OBJ
E:\计算机\计算机图形学（C++）\编程练习\EX1 MINIDRAW\EX2_1\DEBUG\VC100.PDB
E:\计算机\计算机图形学（C++）\编程练习\EX1 MINIDRAW\EX2_1\DEBUG\VIEWWIDGET.OBJ
E:\计算机\计算机图形学（C++）\编程练习\EX1 MINIDRAW\EX2_1\GENERATEDFILES\DEBUG\MOC_MINIDRAW.CPP
E:\计算机\计算机图形学（C++）\编程练习\EX1 MINIDRAW\EX2_1\GENERATEDFILES\DEBUG\MOC_VIEWWIDGET.CPP
E:\计算机\计算机图形学（C++）\编程练习\EX1 MINIDRAW\EX2_1\GENERATEDFILES\QRC_MINIDRAW.CPP
E:\计算机\计算机图形学（C++）\编程练习\EX1 MINIDRAW\EX2_1\GENERATEDFILES\UI_MINIDRAW.H
E:\计算机\计算机图形学（C++）\编程练习\EX1 MINIDRAW\EX2_1\GENERATEDFILES\UI_VIEWWIDGET.H
E:\计算机\计算机图形学（C++）\编程练习\EX1 MINIDRAW\WIN32\DEBUG\MINIDRAW.EXE
E:\计算机\计算机图形学（C++）\编程练习\EX1 MINIDRAW\WIN32\DEBUG\MINIDRAW.ILK
E:\计算机\计算机图形学（C++）\编程练习\EX1 MINIDRAW\WIN32\DEBUG\MINIDRAW.PDB
E:\计算机\计算机图形学\C++编程练习\EX2 MINIDRAW\EX2_1\DEBUG\EX2_1.EXE.INTERMEDIATE.MANIFEST
E:\计算机\计算机图形学\C++编程练习\EX2 MINIDRAW\EX2_1\DEBUG\MAIN.OBJ
E:\计算机\计算机图形学\C++编程练习\EX2 MINIDRAW\EX2_1\DEBUG\MINIDRAW.OBJ
E:\计算机\计算机图形学\C++编程练习\EX2 MINIDRAW\EX2_1\DEBUG\MOC_MINIDRAW.OBJ
E:\计算机\计算机图形学\C++编程练习\EX2 MINIDRAW\EX2_1\DEBUG\MOC_VIEWWIDGET.OBJ
E:\计算机\计算机图形学\C++编程练习\EX2 MINIDRAW\EX2_1\DEBUG\QRC_MINIDRAW.OBJ
E:\计算机\计算机图形学\C++编程练习\EX2 MINIDRAW\EX2_1\DEBUG\VC100.PDB
E:\计算机\计算机图形学\C++编程练习\EX2 MINIDRAW\EX2_1\DEBUG\VIEWWIDGET.OBJ
E:\计算机\计算机图形学\C++编程练习\EX2 MINIDRAW\EX2_1\GENERATEDFILES\DEBUG\MOC_MINIDRAW.CPP
E:\计算机\计算机图形学\C++编程练习\EX2 MINIDRAW\EX2_1\GENERATEDFILES\DEBUG\MOC_VIEWWIDGET.CPP
E:\计算机\计算机图形学\C++编程练习\EX2 MINIDRAW\EX2_1\GENERATEDFILES\QRC_MINIDRAW.CPP
E:\计算机\计算机图形学\C++编程练习\EX2 MINIDRAW\EX2_1\GENERATEDFILES\UI_MINIDRAW.H
E:\计算机\计算机图形学\C++编程练习\EX2 MINIDRAW\EX2_1\GENERATEDFILES\UI_VIEWWIDGET.H
E:\计算机\计算机图形学\C++编程练习\EX2 MINIDRAW\WIN32\DEBUG\EX2_1.EXE
E:\计算机\计算机图形学\C++编程练习\EX2 MINIDRAW\WIN32\DEBUG\EX2_1.ILK
E:\计算机\计算机图形学\C++编程练习\EX2 MINIDRAW\WIN32\DEBUG\EX2_1.PDB
E:\计算机\计算机图形学\C++编程练习\EX2_1\EX2_1\DEBUG\EX2_1.EXE.INTERMEDIATE.MANIFEST
E:\计算机\计算机图形学\C++编程练习\EX2_1\EX2_1\DEBUG\MAIN.OBJ
E:\计算机\计算机图形学\C++编程练习\EX2_1\EX2_1\DEBUG\MINIDRAW.OBJ
E:\计算机\计算机图形学\C++编程练习\EX2_1\EX2_1\DEBUG\MOC_MINIDRAW.OBJ
E:\计算机\计算机图形学\C++编程练习\EX2_1\EX2_1\DEBUG\MOC_VIEWWIDGET.OBJ
E:\计算机\计算机图形学\C++编程练习\EX2_1\EX2_1\DEBUG\QRC_MINIDRAW.OBJ
E:\计算机\计算机图形学\C++编程练习\EX2_1\EX2_1\DEBUG\VC100.PDB
E:\计算机\计算机图形学\C++编程练习\EX2_1\EX2_1\DEBUG\VIEWWIDGET.OBJ
E:\计算机\计算机图形学\C++编程练习\EX2_1\EX2_1\GENERATEDFILES\DEBUG\MOC_MINIDRAW.CPP
E:\计算机\计算机图形学\C++编程练习\EX2_1\EX2_1\GENERATEDFILES\DEBUG\MOC_VIEWWIDGET.CPP
E:\计算机\计算机图形学\C++编程练习\EX2_1\EX2_1\GENERATEDFILES\QRC_MINIDRAW.CPP
E:\计算机\计算机图形学\C++编程练习\EX2_1\EX2_1\GENERATEDFILES\UI_MINIDRAW.H
E:\计算机\计算机图形学\C++编程练习\EX2_1\EX2_1\GENERATEDFILES\UI_VIEWWIDGET.H
E:\计算机\计算机图形学\C++编程练习\EX2_1\WIN32\DEBUG\EX2_1.EXE
E:\计算机\计算机图形学\C++编程练习\EX2_1\WIN32\DEBUG\EX2_1.ILK
E:\计算机\计算机图形学\C++编程练习\EX2_1\WIN32\DEBUG\EX2_1.PDB
E:\计算机\计算机图形学\编程练习\EX1 MINIDRAW\EX2_1\DEBUG\FIGURES.OBJ
E:\计算机\计算机图形学\编程练习\EX1 MINIDRAW\EX2_1\DEBUG\MAIN.OBJ
E:\计算机\计算机图形学\编程练习\EX1 MINIDRAW\EX2_1\DEBUG\MINIDRAW.EXE.INTERMEDIATE.MANIFEST
E:\计算机\计算机图形学\编程练习\EX1 MINIDRAW\EX2_1\DEBUG\MINIDRAW.OBJ
E:\计算机\计算机图形学\编程练习\EX1 MINIDRAW\EX2_1\DEBUG\MOC_MINIDRAW.OBJ
E:\计算机\计算机图形学\编程练习\EX1 MINIDRAW\EX2_1\DEBUG\MOC_VIEWWIDGET.OBJ
E:\计算机\计算机图形学\编程练习\EX1 MINIDRAW\EX2_1\DEBUG\QRC_MINIDRAW.OBJ
E:\计算机\计算机图形学\编程练习\EX1 MINIDRAW\EX2_1\DEBUG\VC100.PDB
E:\计算机\计算机图形学\编程练习\EX1 MINIDRAW\EX2_1\DEBUG\VIEWWIDGET.OBJ
E:\计算机\计算机图形学\编程练习\EX1 MINIDRAW\EX2_1\GENERATEDFILES\DEBUG\MOC_MINIDRAW.CPP
E:\计算机\计算机图形学\编程练习\EX1 MINIDRAW\EX2_1\GENERATEDFILES\DEBUG\MOC_VIEWWIDGET.CPP
E:\计算机\计算机图形学\编程练习\EX1 MINIDRAW\EX2_1\GENERATEDFILES\QRC_MINIDRAW.CPP
E:\计算机\计算机图形学\编程练习\EX1 MINIDRAW\EX2_1\GENERATEDFILES\UI_MINIDRAW.H
E:\计算机\计算机图形学\编程练习\EX1 MINIDRAW\EX2_1\GENERATEDFILES\UI_VIEWWIDGET.H
E:\计算机\计算机图形学\编程练习\EX1 MINIDRAW\WIN32\DEBUG\EX2_1.EXE
E:\计算机\计算机图形学\编程练习\EX1 MINIDRAW\WIN32\DEBUG\MINIDRAW.EXE
E:\计算机\计算机图形学\编程练习\EX1 MINIDRAW\WIN32\DEBUG\MINIDRAW.ILK
E:\计算机\计算机图形学\编程练习\EX1 MINIDRAW\WIN32\DEBUG\MINIDRAW.PDB
E:\学习\计算机图形学（C++）\编程练习\EX1 MINIDRAW\EX2_1\DEBUG\FIGURES.OBJ
E:\学习\计算机图形学（C++）\编程练习\EX1 MINIDRAW\EX2_1\DEBUG\MAIN.OBJ
E:\学习\计算机图形学（C++）\编程练习\EX1 MINIDRAW\EX2_1\DEBUG\MINIDRAW.EXE.INTERMEDIATE.MANIFEST
E:\学习\计算机图形学（C++）\编程练习\EX1 MINIDRAW\EX2_1\DEBUG\MINIDRAW.OBJ
E:\学习\计算机图形学（C++）\编程练习\EX1 MINIDRAW\EX2_1\DEBUG\MOC_MINIDRAW.OBJ
E:\学习\计算机图形学（C++）\编程练习\EX1 MINIDRAW\EX2_1\DEBUG\MOC_VIEWWIDGET.OBJ
E:\学习\计算机图形学（C++）\编程练习\EX1 MINIDRAW\EX2_1\DEBUG\QRC_MINIDRAW.OBJ
E:\学习\计算机图形学（C++）\编程练习\EX1 MINIDRAW\EX2_1\DEBUG\VC100.PDB
E:\学习\计算机图形学（C++）\编程练习\EX1 MINIDRAW\EX2_1\DEBUG\VIEWWIDGET.OBJ
E:\学习\计算机图形学（C++）\编程练习\EX1 MINIDRAW\EX2_1\GENERATEDFILES\DEBUG\MOC_MINIDRAW.CPP
E:\学习\计算机图形学（C++）\编程练习\EX1 MINIDRAW\EX2_1\GENERATEDFILES\DEBUG\MOC_VIEWWIDGET.CPP
E:\学习\计算机图形学（C++）\编程练习\EX1 MINIDRAW\EX2_1\GENERATEDFILES\QRC_MINIDRAW.CPP
E:\学习\计算机图形学（C++）\编程练习\EX1 MINIDRAW\EX2_1\GENERATEDFILES\UI_MINIDRAW.H
E:\学习\计算机图形学（C++）\编程练习\EX1 MINIDRAW\EX2_1\GENERATEDFILES\UI_VIEWWIDGET.H
E:\学习\计算机图形学（C++）\编程练习\EX1 MINIDRAW\WIN32\DEBUG\MINIDRAW.EXE
E:\学习\计算机图形学（C++）\编程练习\EX1 MINIDRAW\WIN32\DEBUG\MINIDRAW.ILK
E:\学习\计算机图形学（C++）\编程练习\EX1 MINIDRAW\WIN32\DEBUG\MINIDRAW.PDB
